RUN	restfulapidev.RestfulAPIDev	restfulapidev	1721506022887	 	3.11.3
USER	Restful API Dev	START	1721506023579
USER	Restful API Dev	START	1721506023676
USER	Restful API Dev	START	1721506023777
USER	Restful API Dev	START	1721506023877
USER	Restful API Dev	START	1721506023978
USER	Restful API Dev	START	1721506024082
REQUEST		Create object Lenovo Thinkpad 5TA	1721506023677	1721506023973	OK	 
REQUEST		Create object HP Omen	1721506023604	1721506023977	OK	 
REQUEST		Create object Apple MacBook Pro 15 con Touchbar	1721506023878	1721506024123	OK	 
USER	Restful API Dev	START	1721506024183
USER	Restful API Dev	START	1721506024284
REQUEST		Get object by id: ff80818190d0ec2e0190d1c14a420082	1721506024124	1721506024359	OK	 
REQUEST		Get object by id: ff80818190d0ec2e0190d1c149a70081	1721506024128	1721506024362	OK	 
REQUEST		Create object Lenovo Thinkpad 5TA	1721506024083	1721506024374	OK	 
USER	Restful API Dev	START	1721506024384
REQUEST		Get object by id: ff80818190d0ec2e0190d1c1499d0080	1721506024125	1721506024404	OK	 
USER	Restful API Dev	START	1721506024484
REQUEST		Create object Apple MacBook Pro 15 con Touchbar	1721506024183	1721506024508	OK	 
REQUEST		Create object Apple MacBook Pro 16	1721506023778	1721506024602	OK	 
REQUEST		Update Object ff80818190d0ec2e0190d1c149a70081	1721506024364	1721506024620	OK	 
REQUEST		Update Object ff80818190d0ec2e0190d1c14a420082	1721506024364	1721506024649	OK	 
REQUEST		Update Object ff80818190d0ec2e0190d1c1499d0080	1721506024406	1721506024659	OK	 
REQUEST		Create object Apple MacBook Pro 15 con Touchbar	1721506024485	1721506024790	OK	 
REQUEST		Create object Dell XPS 13 9360	1721506023979	1721506024790	OK	 
REQUEST		Get object by id: ff80818190d0ec2e0190d1c14bb20084	1721506024510	1721506024799	OK	 
REQUEST		Get object by id: ff80818190d0ec2e0190d1c149a70081	1721506024622	1721506024856	OK	 
USER	Restful API Dev	END	1721506024859
USER	Restful API Dev	START	1721506024859
REQUEST		Get object by id: ff80818190d0ec2e0190d1c14a420082	1721506024651	1721506024884	OK	 
USER	Restful API Dev	END	1721506024885
USER	Restful API Dev	START	1721506024886
REQUEST		Get object by id: ff80818190d0ec2e0190d1c1499d0080	1721506024661	1721506024909	OK	 
USER	Restful API Dev	END	1721506024911
USER	Restful API Dev	START	1721506024911
REQUEST		Update Object ff80818190d0ec2e0190d1c14bb20084	1721506024800	1721506025059	OK	 
REQUEST		Create object Dell XPS 13 9360	1721506024285	1721506025074	OK	 
REQUEST		Get object by id: ff80818190d0ec2e0190d1c14ccf0086	1721506024792	1721506025090	OK	 
REQUEST		Create object HP Omen	1721506024385	1721506025137	OK	 
REQUEST		Get object by id: ff80818190d0ec2e0190d1c14b3a0083	1721506024375	1721506025204	OK	 
REQUEST		Get object by id: ff80818190d0ec2e0190d1c14bb20084	1721506025060	1721506025308	OK	 
USER	Restful API Dev	END	1721506025309
USER	Restful API Dev	START	1721506025309
REQUEST		Get object by id: ff80818190d0ec2e0190d1c14c1a0085	1721506024604	1721506025430	OK	 
REQUEST		Get object by id: ff80818190d0ec2e0190d1c14e370089	1721506025139	1721506025434	OK	 
REQUEST		Update Object ff80818190d0ec2e0190d1c14b3a0083	1721506025205	1721506025463	OK	 
REQUEST		Create object HP Zbook 17	1721506025310	1721506025563	OK	 
REQUEST		Get object by id: ff80818190d0ec2e0190d1c14cd50087	1721506024792	1721506025613	OK	 
REQUEST		Create object Apple MacBook Pro 15 con Touchbar	1721506024912	1721506025696	OK	 
REQUEST		Create object Lenovo Thinkpad X1 Yoga 2DA Generacion	1721506024860	1721506025698	OK	 
REQUEST		Update Object ff80818190d0ec2e0190d1c14e370089	1721506025435	1721506025707	OK	 
REQUEST		Get object by id: ff80818190d0ec2e0190d1c14b3a0083	1721506025464	1721506025715	OK	 
USER	Restful API Dev	END	1721506025717
USER	Restful API Dev	START	1721506025717
REQUEST		Create object HP Omen	1721506024886	1721506025748	OK	 
REQUEST		Get object by id: ff80818190d0ec2e0190d1c14fd9008a	1721506025565	1721506025835	OK	 
REQUEST		Update Object ff80818190d0ec2e0190d1c14cd50087	1721506025614	1721506025867	OK	 
REQUEST		Update Object ff80818190d0ec2e0190d1c14ccf0086	1721506025092	1721506025897	OK	 
REQUEST		Get object by id: ff80818190d0ec2e0190d1c14df00088	1721506025076	1721506025904	OK	 
REQUEST		Get object by id: ff80818190d0ec2e0190d1c14e370089	1721506025708	1721506025951	OK	 
USER	Restful API Dev	END	1721506025953
USER	Restful API Dev	START	1721506025953
REQUEST		Create object HP Omen	1721506025718	1721506025962	OK	 
REQUEST		Get object by id: ff80818190d0ec2e0190d1c15057008b	1721506025699	1721506025982	OK	 
REQUEST		Get object by id: ff80818190d0ec2e0190d1c1508e008d	1721506025749	1721506026025	OK	 
REQUEST		Update Object ff80818190d0ec2e0190d1c14fd9008a	1721506025836	1721506026074	OK	 
REQUEST		Get object by id: ff80818190d0ec2e0190d1c14ccf0086	1721506025898	1721506026151	OK	 
USER	Restful API Dev	END	1721506026152
USER	Restful API Dev	START	1721506026153
REQUEST		Update Object ff80818190d0ec2e0190d1c14c1a0085	1721506025431	1721506026212	OK	 
REQUEST		Update Object ff80818190d0ec2e0190d1c15057008b	1721506025983	1721506026226	OK	 
REQUEST		Update Object ff80818190d0ec2e0190d1c1508e008d	1721506026027	1721506026272	OK	 
REQUEST		Create object HP Zbook 17	1721506026153	1721506026408	OK	 
REQUEST		Get object by id: ff80818190d0ec2e0190d1c14c1a0085	1721506026213	1721506026456	OK	 
USER	Restful API Dev	END	1721506026458
USER	Restful API Dev	START	1721506026458
REQUEST		Get object by id: ff80818190d0ec2e0190d1c15057008b	1721506026227	1721506026464	OK	 
USER	Restful API Dev	END	1721506026465
USER	Restful API Dev	START	1721506026465
REQUEST		Get object by id: ff80818190d0ec2e0190d1c15063008c	1721506025697	1721506026500	OK	 
REQUEST		Get object by id: ff80818190d0ec2e0190d1c1508e008d	1721506026274	1721506026519	OK	 
USER	Restful API Dev	END	1721506026520
USER	Restful API Dev	START	1721506026520
REQUEST		Get object by id: ff80818190d0ec2e0190d1c1532a008f	1721506026410	1721506026643	OK	 
REQUEST		Update Object ff80818190d0ec2e0190d1c14df00088	1721506025905	1721506026698	OK	 
REQUEST		Get object by id: ff80818190d0ec2e0190d1c14cd50087	1721506025869	1721506026707	OK	 
USER	Restful API Dev	END	1721506026708
USER	Restful API Dev	START	1721506026709
REQUEST		Get object by id: ff80818190d0ec2e0190d1c15173008e	1721506025963	1721506026713	OK	 
REQUEST		Create object Apple MacBook Pro 16	1721506025954	1721506026740	OK	 
REQUEST		Create object Dell Alienware 17	1721506026466	1721506026771	OK	 
REQUEST		Update Object ff80818190d0ec2e0190d1c15063008c	1721506026502	1721506026779	OK	 
REQUEST		Get object by id: ff80818190d0ec2e0190d1c14fd9008a	1721506026075	1721506026869	OK	 
USER	Restful API Dev	END	1721506026871
USER	Restful API Dev	START	1721506026871
REQUEST		Update Object ff80818190d0ec2e0190d1c1532a008f	1721506026645	1721506026895	OK	 
REQUEST		Update Object ff80818190d0ec2e0190d1c15173008e	1721506026714	1721506026966	OK	 
REQUEST		Create object Lenovo Thinkpad 5TA	1721506026709	1721506026968	OK	 
REQUEST		Get object by id: ff80818190d0ec2e0190d1c154920091	1721506026773	1721506027072	OK	 
REQUEST		Get object by id: ff80818190d0ec2e0190d1c1532a008f	1721506026896	1721506027125	OK	 
USER	Restful API Dev	END	1721506027126
USER	Restful API Dev	START	1721506027127
REQUEST		Create object Apple MacBook Pro 15 con Touchbar	1721506026872	1721506027169	OK	 
REQUEST		Get object by id: ff80818190d0ec2e0190d1c1555c0092	1721506026969	1721506027256	OK	 
REQUEST		Create object HP Zbook 17	1721506026459	1721506027260	OK	 
REQUEST		Update Object ff80818190d0ec2e0190d1c154920091	1721506027074	1721506027332	OK	 
REQUEST		Create object Apple MacBook Pro 16	1721506026521	1721506027337	OK	 
REQUEST		Create object HP Omen	1721506027127	1721506027446	OK	 
REQUEST		Get object by id: ff80818190d0ec2e0190d1c14df00088	1721506026699	1721506027488	OK	 
USER	Restful API Dev	END	1721506027490
USER	Restful API Dev	START	1721506027490
REQUEST		Get object by id: ff80818190d0ec2e0190d1c156740094	1721506027260	1721506027549	OK	 
REQUEST		Get object by id: ff80818190d0ec2e0190d1c1547a0090	1721506026742	1721506027551	OK	 
REQUEST		Get object by id: ff80818190d0ec2e0190d1c15063008c	1721506026780	1721506027564	OK	 
USER	Restful API Dev	END	1721506027565
USER	Restful API Dev	START	1721506027566
REQUEST		Get object by id: ff80818190d0ec2e0190d1c156bc0095	1721506027338	1721506027619	OK	 
REQUEST		Get object by id: ff80818190d0ec2e0190d1c15173008e	1721506026968	1721506027735	OK	 
USER	Restful API Dev	END	1721506027737
USER	Restful API Dev	START	1721506027737
REQUEST		Create object HP Omen	1721506027491	1721506027794	OK	 
REQUEST		Update Object ff80818190d0ec2e0190d1c1547a0090	1721506027552	1721506027805	OK	 
REQUEST		Create object Apple MacBook Pro 16	1721506027566	1721506027822	OK	 
REQUEST		Update Object ff80818190d0ec2e0190d1c156740094	1721506027550	1721506027839	OK	 
REQUEST		Update Object ff80818190d0ec2e0190d1c156bc0095	1721506027620	1721506027874	OK	 
REQUEST		Get object by id: ff80818190d0ec2e0190d1c156250093	1721506027171	1721506027990	OK	 
REQUEST		Create object HP Zbook 17	1721506027738	1721506027994	OK	 
REQUEST		Update Object ff80818190d0ec2e0190d1c1555c0092	1721506027257	1721506028088	OK	 
REQUEST		Get object by id: ff80818190d0ec2e0190d1c158b20098	1721506027823	1721506028103	OK	 
REQUEST		Get object by id: ff80818190d0ec2e0190d1c154920091	1721506027333	1721506028131	OK	 
USER	Restful API Dev	END	1721506028132
USER	Restful API Dev	START	1721506028132
REQUEST		Update Object ff80818190d0ec2e0190d1c156250093	1721506027991	1721506028240	OK	 
REQUEST		Get object by id: ff80818190d0ec2e0190d1c157320096	1721506027448	1721506028287	OK	 
REQUEST		Update Object ff80818190d0ec2e0190d1c158b20098	1721506028105	1721506028353	OK	 
REQUEST		Create object Dell Alienware 17	1721506028133	1721506028443	OK	 
REQUEST		Get object by id: ff80818190d0ec2e0190d1c156250093	1721506028242	1721506028478	OK	 
USER	Restful API Dev	END	1721506028479
USER	Restful API Dev	START	1721506028480
REQUEST		Update Object ff80818190d0ec2e0190d1c157320096	1721506028288	1721506028552	OK	 
REQUEST		Get object by id: ff80818190d0ec2e0190d1c1547a0090	1721506027806	1721506028572	OK	 
USER	Restful API Dev	END	1721506028573
USER	Restful API Dev	START	1721506028573
REQUEST		Get object by id: ff80818190d0ec2e0190d1c158b20098	1721506028354	1721506028588	OK	 
USER	Restful API Dev	END	1721506028589
USER	Restful API Dev	START	1721506028589
REQUEST		Get object by id: ff80818190d0ec2e0190d1c158900097	1721506027796	1721506028619	OK	 
REQUEST		Get object by id: ff80818190d0ec2e0190d1c156740094	1721506027840	1721506028621	OK	 
USER	Restful API Dev	END	1721506028622
USER	Restful API Dev	START	1721506028622
REQUEST		Get object by id: ff80818190d0ec2e0190d1c156bc0095	1721506027875	1721506028693	OK	 
USER	Restful API Dev	END	1721506028694
USER	Restful API Dev	START	1721506028694
REQUEST		Get object by id: ff80818190d0ec2e0190d1c15b18009a	1721506028445	1721506028725	OK	 
REQUEST		Create object Dell XPS 13 9360	1721506028480	1721506028729	OK	 
REQUEST		Get object by id: ff80818190d0ec2e0190d1c159550099	1721506027995	1721506028828	OK	 
REQUEST		Create object Apple MacBook Pro 16	1721506028623	1721506028878	OK	 
REQUEST		Get object by id: ff80818190d0ec2e0190d1c1555c0092	1721506028090	1721506028897	OK	 
USER	Restful API Dev	END	1721506028899
USER	Restful API Dev	START	1721506028899
REQUEST		Create object HP Envy Notebook	1721506028695	1721506028944	OK	 
REQUEST		Update Object ff80818190d0ec2e0190d1c15b18009a	1721506028726	1721506028971	OK	 
REQUEST		Get object by id: ff80818190d0ec2e0190d1c15c40009b	1721506028730	1721506029008	OK	 
REQUEST		Update Object ff80818190d0ec2e0190d1c159550099	1721506028830	1721506029073	OK	 
REQUEST		Create object Lenovo Thinkpad X1 Yoga 2DA Generacion	1721506028899	1721506029150	OK	 
REQUEST		Get object by id: ff80818190d0ec2e0190d1c15b18009a	1721506028972	1721506029206	OK	 
USER	Restful API Dev	END	1721506029207
USER	Restful API Dev	START	1721506029207
REQUEST		Update Object ff80818190d0ec2e0190d1c15c40009b	1721506029009	1721506029249	OK	 
REQUEST		Create object Lenovo Thinkpad 5TA	1721506028574	1721506029336	OK	 
REQUEST		Get object by id: ff80818190d0ec2e0190d1c157320096	1721506028553	1721506029381	OK	 
REQUEST		Create object Dell Alienware 17	1721506028590	1721506029381	OK	 
USER	Restful API Dev	END	1721506029382
USER	Restful API Dev	START	1721506029382
REQUEST		Update Object ff80818190d0ec2e0190d1c158900097	1721506028620	1721506029411	OK	 
REQUEST		Get object by id: ff80818190d0ec2e0190d1c15dde009e	1721506029151	1721506029414	OK	 
REQUEST		Get object by id: ff80818190d0ec2e0190d1c15c40009b	1721506029250	1721506029487	OK	 
USER	Restful API Dev	END	1721506029488
USER	Restful API Dev	START	1721506029488
REQUEST		Get object by id: ff80818190d0ec2e0190d1c15ea2009f	1721506029338	1721506029615	OK	 
REQUEST		Get object by id: ff80818190d0ec2e0190d1c15ec000a0	1721506029382	1721506029620	OK	 
REQUEST		Get object by id: ff80818190d0ec2e0190d1c158900097	1721506029413	1721506029649	OK	 
USER	Restful API Dev	END	1721506029650
USER	Restful API Dev	START	1721506029651
REQUEST		Get object by id: ff80818190d0ec2e0190d1c15ccf009c	1721506028879	1721506029673	OK	 
REQUEST		Create object Lenovo Thinkpad X1 Yoga 2DA Generacion	1721506029383	1721506029673	OK	 
REQUEST		Create object Lenovo Thinkpad X1 Yoga 2DA Generacion	1721506029489	1721506029755	OK	 
REQUEST		Get object by id: ff80818190d0ec2e0190d1c15d15009d	1721506028945	1721506029756	OK	 
REQUEST		Get object by id: ff80818190d0ec2e0190d1c159550099	1721506029074	1721506029857	OK	 
USER	Restful API Dev	END	1721506029858
USER	Restful API Dev	START	1721506029859
REQUEST		Update Object ff80818190d0ec2e0190d1c15ec000a0	1721506029621	1721506029865	OK	 
REQUEST		Create object Dell XPS 13 9360	1721506029651	1721506029915	OK	 
REQUEST		Update Object ff80818190d0ec2e0190d1c15ccf009c	1721506029674	1721506029918	OK	 
REQUEST		Get object by id: ff80818190d0ec2e0190d1c15fec00a1	1721506029674	1721506029945	OK	 
REQUEST		Update Object ff80818190d0ec2e0190d1c15d15009d	1721506029757	1721506030003	OK	 
REQUEST		Create object Dell Alienware 17	1721506029208	1721506030022	OK	 
REQUEST		Get object by id: ff80818190d0ec2e0190d1c1603500a2	1721506029757	1721506030027	OK	 
REQUEST		Get object by id: ff80818190d0ec2e0190d1c15ec000a0	1721506029866	1721506030109	OK	 
USER	Restful API Dev	END	1721506030111
USER	Restful API Dev	START	1721506030111
REQUEST		Create object Lenovo Thinkpad X1 Yoga 2DA Generacion	1721506029859	1721506030112	OK	 
REQUEST		Get object by id: ff80818190d0ec2e0190d1c160d500a3	1721506029917	1721506030179	OK	 
REQUEST		Update Object ff80818190d0ec2e0190d1c15dde009e	1721506029414	1721506030190	OK	 
REQUEST		Update Object ff80818190d0ec2e0190d1c15fec00a1	1721506029946	1721506030190	OK	 
REQUEST		Get object by id: ff80818190d0ec2e0190d1c15d15009d	1721506030005	1721506030253	OK	 
USER	Restful API Dev	END	1721506030254
USER	Restful API Dev	START	1721506030255
REQUEST		Get object by id: ff80818190d0ec2e0190d1c1614800a4	1721506030024	1721506030297	OK	 
REQUEST		Create object Apple MacBook Air	1721506030112	1721506030367	OK	 
REQUEST		Get object by id: ff80818190d0ec2e0190d1c161a500a5	1721506030113	1721506030391	OK	 
REQUEST		Update Object ff80818190d0ec2e0190d1c15ea2009f	1721506029617	1721506030409	OK	 
REQUEST		Get object by id: ff80818190d0ec2e0190d1c15dde009e	1721506030191	1721506030427	OK	 
USER	Restful API Dev	END	1721506030428
USER	Restful API Dev	START	1721506030428
REQUEST		Get object by id: ff80818190d0ec2e0190d1c15fec00a1	1721506030191	1721506030432	OK	 
USER	Restful API Dev	END	1721506030432
USER	Restful API Dev	START	1721506030433
REQUEST		Create object Lenovo Thinkpad X1 Yoga 2DA Generacion	1721506030255	1721506030518	OK	 
REQUEST		Get object by id: ff80818190d0ec2e0190d1c15ea2009f	1721506030410	1721506030642	OK	 
REQUEST		Get object by id: ff80818190d0ec2e0190d1c162a200a6	1721506030368	1721506030643	OK	 
USER	Restful API Dev	END	1721506030644
USER	Restful API Dev	START	1721506030644
REQUEST		Update Object ff80818190d0ec2e0190d1c161a500a5	1721506030392	1721506030652	OK	 
REQUEST		Get object by id: ff80818190d0ec2e0190d1c15ccf009c	1721506029919	1721506030690	OK	 
USER	Restful API Dev	END	1721506030691
REQUEST		Create object Apple MacBook Pro 16	1721506030433	1721506030691	OK	 
USER	Restful API Dev	START	1721506030692
REQUEST		Update Object ff80818190d0ec2e0190d1c1603500a2	1721506030027	1721506030827	OK	 
REQUEST		Create object HP Omen	1721506030645	1721506030899	OK	 
REQUEST		Get object by id: ff80818190d0ec2e0190d1c161a500a5	1721506030653	1721506030901	OK	 
USER	Restful API Dev	END	1721506030902
USER	Restful API Dev	START	1721506030902
REQUEST		Update Object ff80818190d0ec2e0190d1c162a200a6	1721506030644	1721506030909	OK	 
REQUEST		Update Object ff80818190d0ec2e0190d1c160d500a3	1721506030180	1721506030950	OK	 
REQUEST		Get object by id: ff80818190d0ec2e0190d1c163dd00a8	1721506030692	1721506030963	OK	 
REQUEST		Update Object ff80818190d0ec2e0190d1c1614800a4	1721506030298	1721506031085	OK	 
REQUEST		Get object by id: ff80818190d0ec2e0190d1c164b300a9	1721506030900	1721506031127	OK	 
REQUEST		Create object Lenovo Thinkpad 5TA	1721506030903	1721506031146	OK	 
REQUEST		Create object Apple MacBook Pro 16	1721506030428	1721506031204	OK	 
REQUEST		Update Object ff80818190d0ec2e0190d1c163dd00a8	1721506030964	1721506031210	OK	 
REQUEST		Get object by id: ff80818190d0ec2e0190d1c1633400a7	1721506030520	1721506031307	OK	 
REQUEST		Get object by id: ff80818190d0ec2e0190d1c1614800a4	1721506031086	1721506031330	OK	 
USER	Restful API Dev	END	1721506031331
USER	Restful API Dev	START	1721506031331
REQUEST		Update Object ff80818190d0ec2e0190d1c164b300a9	1721506031129	1721506031383	OK	 
REQUEST		Get object by id: ff80818190d0ec2e0190d1c165ad00aa	1721506031147	1721506031418	OK	 
REQUEST		Create object HP Omen	1721506030692	1721506031489	OK	 
REQUEST		Get object by id: ff80818190d0ec2e0190d1c1603500a2	1721506030828	1721506031553	OK	 
REQUEST		Update Object ff80818190d0ec2e0190d1c1633400a7	1721506031308	1721506031553	OK	 
USER	Restful API Dev	END	1721506031554
USER	Restful API Dev	START	1721506031554
REQUEST		Create object Lenovo Thinkpad 5TA	1721506031332	1721506031600	OK	 
REQUEST		Get object by id: ff80818190d0ec2e0190d1c164b300a9	1721506031384	1721506031613	OK	 
USER	Restful API Dev	END	1721506031614
USER	Restful API Dev	START	1721506031614
REQUEST		Get object by id: ff80818190d0ec2e0190d1c162a200a6	1721506030909	1721506031667	OK	 
USER	Restful API Dev	END	1721506031668
USER	Restful API Dev	START	1721506031669
REQUEST		Get object by id: ff80818190d0ec2e0190d1c160d500a3	1721506030951	1721506031741	OK	 
USER	Restful API Dev	END	1721506031742
USER	Restful API Dev	START	1721506031742
REQUEST		Create object Dell Alienware 17	1721506031615	1721506031858	OK	 
REQUEST		Get object by id: ff80818190d0ec2e0190d1c1676d00ad	1721506031601	1721506031884	OK	 
REQUEST		Get object by id: ff80818190d0ec2e0190d1c163dd00a8	1721506031211	1721506031972	OK	 
USER	Restful API Dev	END	1721506031973
USER	Restful API Dev	START	1721506031973
REQUEST		Create object Apple MacBook Pro 15 con Touchbar	1721506031743	1721506032008	OK	 
REQUEST		Get object by id: ff80818190d0ec2e0190d1c165e500ab	1721506031205	1721506032024	OK	 
REQUEST		Update Object ff80818190d0ec2e0190d1c1676d00ad	1721506031885	1721506032126	OK	 
REQUEST		Update Object ff80818190d0ec2e0190d1c165ad00aa	1721506031419	1721506032220	OK	 
REQUEST		Create object Dell XPS 13 9360	1721506031974	1721506032224	OK	 
REQUEST		Update Object ff80818190d0ec2e0190d1c165e500ab	1721506032025	1721506032275	OK	 
REQUEST		Get object by id: ff80818190d0ec2e0190d1c168ff00af	1721506032009	1721506032291	OK	 
REQUEST		Get object by id: ff80818190d0ec2e0190d1c166fb00ac	1721506031490	1721506032305	OK	 
REQUEST		Create object Lenovo Thinkpad 5TA	1721506031555	1721506032315	OK	 
REQUEST		Get object by id: ff80818190d0ec2e0190d1c1633400a7	1721506031554	1721506032361	OK	 
USER	Restful API Dev	END	1721506032362
USER	Restful API Dev	START	1721506032363
REQUEST		Get object by id: ff80818190d0ec2e0190d1c1676d00ad	1721506032127	1721506032363	OK	 
USER	Restful API Dev	END	1721506032364
USER	Restful API Dev	START	1721506032364
REQUEST		Create object HP Envy Notebook	1721506031669	1721506032422	OK	 
REQUEST		Get object by id: ff80818190d0ec2e0190d1c165ad00aa	1721506032221	1721506032466	OK	 
USER	Restful API Dev	END	1721506032467
USER	Restful API Dev	START	1721506032468
REQUEST		Get object by id: ff80818190d0ec2e0190d1c169e500b0	1721506032225	1721506032509	OK	 
REQUEST		Get object by id: ff80818190d0ec2e0190d1c16a4300b1	1721506032317	1721506032558	OK	 
REQUEST		Create object Apple MacBook Pro 16	1721506032363	1721506032615	OK	 
REQUEST		Create object HP Zbook 17	1721506032365	1721506032627	OK	 
REQUEST		Get object by id: ff80818190d0ec2e0190d1c1687700ae	1721506031860	1721506032637	OK	 
REQUEST		Create object Lenovo Thinkpad X1 Yoga 2DA Generacion	1721506032468	1721506032706	OK	 
REQUEST		Update Object ff80818190d0ec2e0190d1c16a4300b1	1721506032559	1721506032810	OK	 
REQUEST		Get object by id: ff80818190d0ec2e0190d1c16b6300b3	1721506032616	1721506032891	OK	 
REQUEST		Get object by id: ff80818190d0ec2e0190d1c16b6600b4	1721506032628	1721506032902	OK	 
REQUEST		Get object by id: ff80818190d0ec2e0190d1c16bcb00b5	1721506032707	1721506032984	OK	 
REQUEST		Get object by id: ff80818190d0ec2e0190d1c165e500ab	1721506032275	1721506033042	OK	 
USER	Restful API Dev	END	1721506033043
USER	Restful API Dev	START	1721506033043
REQUEST		Get object by id: ff80818190d0ec2e0190d1c16a4300b1	1721506032811	1721506033051	OK	 
USER	Restful API Dev	END	1721506033052
USER	Restful API Dev	START	1721506033052
REQUEST		Update Object ff80818190d0ec2e0190d1c168ff00af	1721506032292	1721506033090	OK	 
REQUEST		Update Object ff80818190d0ec2e0190d1c166fb00ac	1721506032307	1721506033068	KO	status.find.is(200), but actually found 405
REQUEST		Update Object ff80818190d0ec2e0190d1c16b6300b3	1721506032892	1721506033121	KO	status.find.is(200), but actually found 405
REQUEST		Get object by id: ff80818190d0ec2e0190d1c16ab100b2	1721506032423	1721506033283	KO	status.find.is(200), but actually found 405
REQUEST		Create object Apple MacBook Pro 15 con Touchbar	1721506033043	1721506033294	KO	status.find.is(200), but actually found 405
USER	Restful API Dev	END	1721506033296
USER	Restful API Dev	START	1721506033296
REQUEST		Create object Apple MacBook Air	1721506033052	1721506033301	KO	status.find.is(200), but actually found 405
USER	Restful API Dev	END	1721506033302
USER	Restful API Dev	START	1721506033303
REQUEST		Get object by id: ff80818190d0ec2e0190d1c168ff00af	1721506033091	1721506033316	KO	status.find.is(200), but actually found 405
USER	Restful API Dev	END	1721506033318
USER	Restful API Dev	START	1721506033318
REQUEST		Update Object ff80818190d0ec2e0190d1c169e500b0	1721506032511	1721506033327	KO	status.find.is(200), but actually found 405
REQUEST		Update Object ff80818190d0ec2e0190d1c1687700ae	1721506032638	1721506033447	KO	status.find.is(200), but actually found 405
REQUEST		Update Object ff80818190d0ec2e0190d1c16ab100b2	1721506033284	1721506033517	KO	status.find.is(200), but actually found 405
REQUEST		Create object HP Omen	1721506033303	1721506033553	KO	status.find.is(200), but actually found 405
USER	Restful API Dev	END	1721506033555
USER	Restful API Dev	START	1721506033555
REQUEST		Get object by id: ff80818190d0ec2e0190d1c169e500b0	1721506033329	1721506033563	KO	status.find.is(200), but actually found 405
USER	Restful API Dev	END	1721506033565
USER	Restful API Dev	START	1721506033565
REQUEST		Get object by id: ff80818190d0ec2e0190d1c1687700ae	1721506033448	1721506033686	KO	status.find.is(200), but actually found 405
USER	Restful API Dev	END	1721506033688
REQUEST		Update Object ff80818190d0ec2e0190d1c16b6600b4	1721506032903	1721506033692	KO	status.find.is(200), but actually found 405
REQUEST		Get object by id: ff80818190d0ec2e0190d1c16ab100b2	1721506033518	1721506033762	KO	status.find.is(200), but actually found 405
USER	Restful API Dev	END	1721506033763
REQUEST		Update Object ff80818190d0ec2e0190d1c16bcb00b5	1721506032985	1721506033793	KO	status.find.is(200), but actually found 405
REQUEST		Create object Apple MacBook Pro 15 con Touchbar	1721506033565	1721506033802	KO	status.find.is(200), but actually found 405
USER	Restful API Dev	END	1721506033804
REQUEST		Get object by id: ff80818190d0ec2e0190d1c166fb00ac	1721506033097	1721506033865	KO	status.find.is(200), but actually found 405
USER	Restful API Dev	END	1721506033867
REQUEST		Get object by id: ff80818190d0ec2e0190d1c16b6300b3	1721506033122	1721506033944	KO	status.find.is(200), but actually found 405
USER	Restful API Dev	END	1721506033946
REQUEST		Get object by id: ff80818190d0ec2e0190d1c16bcb00b5	1721506033794	1721506034021	KO	status.find.is(200), but actually found 405
USER	Restful API Dev	END	1721506034023
REQUEST		Create object Lenovo Thinkpad 5TA	1721506033319	1721506034089	KO	status.find.is(200), but actually found 405
USER	Restful API Dev	END	1721506034091
REQUEST		Create object Dell XPS 13 9360	1721506033297	1721506034128	KO	status.find.is(200), but actually found 405
USER	Restful API Dev	END	1721506034130
REQUEST		Create object Apple MacBook Pro 15 con Touchbar	1721506033555	1721506034344	KO	status.find.is(200), but actually found 405
USER	Restful API Dev	END	1721506034346
REQUEST		Get object by id: ff80818190d0ec2e0190d1c16b6600b4	1721506033693	1721506034497	KO	status.find.is(200), but actually found 405
USER	Restful API Dev	END	1721506034498
